2025-01-12 19:26:23,470 - instance_runner - INFO - parser domain and problem
2025-01-12 19:26:23,470 - instance_runner - INFO - .\new_syntax\grapevine\domain02.pddl
2025-01-12 19:26:23,470 - instance_runner - INFO - .\new_syntax\grapevine\problem303.pddl
2025-01-12 19:26:23,470 - pddl_parser - INFO - Reading domain file
2025-01-12 19:26:23,470 - pddl_parser - INFO - .\new_syntax\grapevine\domain02.pddl
2025-01-12 19:26:23,471 - pddl_parser - INFO - Parsing domain file
2025-01-12 19:26:23,471 - pddl_parser - INFO - Reading problem file
2025-01-12 19:26:23,471 - pddl_parser - INFO - .\new_syntax\grapevine\problem303.pddl
2025-01-12 19:26:23,473 - pddl_parser - INFO - Parsing problem file
2025-01-12 19:26:23,474 - instance_runner - INFO - loading external function: .\new_syntax\grapevine\grapevine01.py
2025-01-12 19:26:23,476 - instance_runner - INFO - finish loading external function
2025-01-12 19:26:23,476 - instance_runner - INFO - Initialize problem
2025-01-12 19:26:23,476 - epistemic_model - INFO - initialize epistemic model
2025-01-12 19:26:23,476 - instance_runner - INFO - starting validate
2025-01-12 19:26:23,476 - bfs - INFO - starting searching using [bfs]
2025-01-12 19:26:23,636 - bfs - INFO - Problem is not solvable
2025-01-12 19:26:23,636 - bfs - INFO - [number of node pruned_by_unknown]: 0
2025-01-12 19:26:23,636 - bfs - INFO - [number of node pruned_by_visited]: 0
2025-01-12 19:26:23,636 - bfs - INFO - [number of node pruned]: 0
2025-01-12 19:26:23,636 - bfs - INFO - [number of node goal_checked]: 78
2025-01-12 19:26:23,636 - bfs - INFO - [number of node expansion]: 25
2025-01-12 19:26:23,636 - bfs - INFO - [number of node generated]: 78
2025-01-12 19:26:23,636 - bfs - INFO - [number of epistemic formulas evaluation: 97]
2025-01-12 19:26:23,636 - bfs - INFO - [time in epistemic formulas evaluation: 0:00:00.153981]
2025-01-12 19:26:23,636 - bfs - INFO - [avg time in epistemic formulas evaluation: 1.5874329896907216]
2025-01-12 19:26:23,636 - bfs - INFO - [total_goal_size: 2]
2025-01-12 19:26:23,636 - bfs - INFO - [ontic_goal_size: 0]
2025-01-12 19:26:23,636 - bfs - INFO - [epistemic_goal_size: 2]
2025-01-12 19:26:23,636 - bfs - INFO - [ontic_goals: []]
2025-01-12 19:26:23,636 - bfs - INFO - [epistemic_goals: ['(= (@ep ("+ b [c]") (= (shared_value sa) 14)) ep.true)', '(= (@ep ("+ b [b]") (= (shared_value sa) 14)) ep.true)']]
2025-01-12 19:26:23,636 - bfs - INFO - [goals: ['(= (@ep ("+ b [c]") (= (shared_value sa) 14)) ep.true)', '(= (@ep ("+ b [b]") (= (shared_value sa) 14)) ep.true)']]
2025-01-12 19:26:23,636 - bfs - INFO - [epistemic_call_time_max: 15.732]
2025-01-12 19:26:23,636 - bfs - INFO - [functions: 25]
2025-01-12 19:26:23,636 - bfs - INFO - [prediction time: 0.10835576057434082]
2025-01-12 19:26:23,636 - bfs - INFO - [segment count: 2092]
2025-01-12 19:26:23,636 - bfs - INFO - [number of common perspective generated]: 0
2025-01-12 19:26:23,636 - bfs - INFO - [number of all iterations used when generating common perspectives]: 0
2025-01-12 19:26:23,636 - bfs - INFO - [number of max iterations used when generating common perspectives]: 0
2025-01-12 19:26:23,636 - bfs - INFO - [number of average iterations used when generating common perspectives]: 0
2025-01-12 19:26:23,636 - bfs - INFO - [number of averaged unfiltered branching factors]: 5.76
2025-01-12 19:26:23,636 - bfs - INFO - [number of max unfiltered branching factors]: 14
