2023-10-07 21:56:58,928 - instance_runner - INFO - loading problem file: examples/group_bbl/problem7.pddl
2023-10-07 21:56:58,928 - pddl_parser - INFO - parsing problem: [group_bbl_07]
2023-10-07 21:56:58,928 - instance_runner - INFO - finish loading problem file: group_bbl_07
2023-10-07 21:56:58,928 - instance_runner - INFO - loading domain file: examples/group_bbl/domain.pddl
2023-10-07 21:56:58,928 - pddl_parser - INFO - parsing domain: [bbl]
2023-10-07 21:56:58,929 - instance_runner - INFO - finish loading domain file: bbl
2023-10-07 21:56:58,929 - instance_runner - INFO - Search algorithm exists
2023-10-07 21:56:58,929 - instance_runner - INFO - loading external function: examples/group_bbl/group_bbl.py
2023-10-07 21:56:58,929 - instance_runner - INFO - finish loading external function
2023-10-07 21:56:58,929 - instance_runner - INFO - Initialize problem
2023-10-07 21:56:58,929 - instance_runner - INFO - starting search
2023-10-07 21:56:58,929 - forward_search:bfsdc - INFO - starting searching using forward_search:bfsdc
2023-10-07 21:56:58,938 - forward_search:bfsdc - INFO - plan is: ['turn_clockwise-b']
2023-10-07 21:56:58,938 - forward_search:bfsdc - INFO - Goal found
2023-10-07 21:56:58,938 - forward_search:bfsdc - INFO - [number of node pruned_by_unknown]: 0
2023-10-07 21:56:58,938 - forward_search:bfsdc - INFO - [number of node pruned_by_visited]: 0
2023-10-07 21:56:58,938 - forward_search:bfsdc - INFO - [number of node pruned]: 0
2023-10-07 21:56:58,938 - forward_search:bfsdc - INFO - [number of node goal_checked]: 8
2023-10-07 21:56:58,938 - forward_search:bfsdc - INFO - [number of node expansion]: 2
2023-10-07 21:56:58,938 - forward_search:bfsdc - INFO - [number of node generated]: 8
2023-10-07 21:56:58,938 - forward_search:bfsdc - INFO - [number of epistemic formulas evaluation: 11]
2023-10-07 21:56:58,938 - forward_search:bfsdc - INFO - [time in epistemic formulas evaluation: 0:00:00.007463]
2023-10-07 21:56:58,938 - forward_search:bfsdc - INFO - [number of common perspective generated]: 2253
2023-10-07 21:56:58,938 - forward_search:bfsdc - INFO - [number of all iterations used when generating common perspectives]: 7846
2023-10-07 21:56:58,938 - forward_search:bfsdc - INFO - [number of max iterations used when generating common perspectives]: 4
2023-10-07 21:56:58,938 - forward_search:bfsdc - INFO - [number of average iterations used when generating common perspectives]: 3.482467820683533
2023-10-07 21:56:58,938 - instance_runner - INFO - initialization time: 0:00:00.001347
2023-10-07 21:56:58,938 - instance_runner - INFO - search time: 0:00:00.009183
