2023-10-07 21:56:09,762 - instance_runner - INFO - loading problem file: examples/group_bbl/problem4.pddl
2023-10-07 21:56:09,762 - pddl_parser - INFO - parsing problem: [group_bbl_04]
2023-10-07 21:56:09,762 - instance_runner - INFO - finish loading problem file: group_bbl_04
2023-10-07 21:56:09,762 - instance_runner - INFO - loading domain file: examples/group_bbl/domain.pddl
2023-10-07 21:56:09,763 - pddl_parser - INFO - parsing domain: [bbl]
2023-10-07 21:56:09,763 - instance_runner - INFO - finish loading domain file: bbl
2023-10-07 21:56:09,763 - instance_runner - INFO - Search algorithm exists
2023-10-07 21:56:09,763 - instance_runner - INFO - loading external function: examples/group_bbl/group_bbl.py
2023-10-07 21:56:09,763 - instance_runner - INFO - finish loading external function
2023-10-07 21:56:09,763 - instance_runner - INFO - Initialize problem
2023-10-07 21:56:09,763 - instance_runner - INFO - starting search
2023-10-07 21:56:09,763 - forward_search:bfsdc - INFO - starting searching using forward_search:bfsdc
2023-10-07 21:56:49,003 - forward_search:bfsdc - INFO - plan is: ['turn_clockwise-b', 'turn_clockwise-b', 'turn_clockwise-b', 'turn_clockwise-b', 'turn_clockwise-b']
2023-10-07 21:56:49,003 - forward_search:bfsdc - INFO - Goal found
2023-10-07 21:56:49,003 - forward_search:bfsdc - INFO - [number of node pruned_by_unknown]: 0
2023-10-07 21:56:49,003 - forward_search:bfsdc - INFO - [number of node pruned_by_visited]: 121
2023-10-07 21:56:49,003 - forward_search:bfsdc - INFO - [number of node pruned]: 121
2023-10-07 21:56:49,003 - forward_search:bfsdc - INFO - [number of node goal_checked]: 756
2023-10-07 21:56:49,003 - forward_search:bfsdc - INFO - [number of node expansion]: 189
2023-10-07 21:56:49,003 - forward_search:bfsdc - INFO - [number of node generated]: 756
2023-10-07 21:56:49,003 - forward_search:bfsdc - INFO - [number of epistemic formulas evaluation: 1067]
2023-10-07 21:56:49,003 - forward_search:bfsdc - INFO - [time in epistemic formulas evaluation: 0:00:39.162630]
2023-10-07 21:56:49,003 - forward_search:bfsdc - INFO - [number of common perspective generated]: 2253
2023-10-07 21:56:49,003 - forward_search:bfsdc - INFO - [number of all iterations used when generating common perspectives]: 7846
2023-10-07 21:56:49,003 - forward_search:bfsdc - INFO - [number of max iterations used when generating common perspectives]: 4
2023-10-07 21:56:49,003 - forward_search:bfsdc - INFO - [number of average iterations used when generating common perspectives]: 3.482467820683533
2023-10-07 21:56:49,004 - instance_runner - INFO - initialization time: 0:00:00.001045
2023-10-07 21:56:49,004 - instance_runner - INFO - search time: 0:00:39.240699
