2023-10-07 21:55:51,682 - instance_runner - INFO - loading problem file: examples/group_bbl/problem3.pddl
2023-10-07 21:55:51,683 - pddl_parser - INFO - parsing problem: [group_bbl_03]
2023-10-07 21:55:51,683 - instance_runner - INFO - finish loading problem file: group_bbl_03
2023-10-07 21:55:51,683 - instance_runner - INFO - loading domain file: examples/group_bbl/domain.pddl
2023-10-07 21:55:51,683 - pddl_parser - INFO - parsing domain: [bbl]
2023-10-07 21:55:51,683 - instance_runner - INFO - finish loading domain file: bbl
2023-10-07 21:55:51,683 - instance_runner - INFO - Search algorithm exists
2023-10-07 21:55:51,683 - instance_runner - INFO - loading external function: examples/group_bbl/group_bbl.py
2023-10-07 21:55:51,683 - instance_runner - INFO - finish loading external function
2023-10-07 21:55:51,683 - instance_runner - INFO - Initialize problem
2023-10-07 21:55:51,683 - instance_runner - INFO - starting search
2023-10-07 21:55:51,683 - forward_search:bfsdc - INFO - starting searching using forward_search:bfsdc
2023-10-07 21:56:09,760 - forward_search:bfsdc - INFO - plan is: ['turn_clockwise-b', 'turn_clockwise-b', 'turn_clockwise-b', 'turn_clockwise-b', 'turn_clockwise-b']
2023-10-07 21:56:09,760 - forward_search:bfsdc - INFO - Goal found
2023-10-07 21:56:09,760 - forward_search:bfsdc - INFO - [number of node pruned_by_unknown]: 0
2023-10-07 21:56:09,760 - forward_search:bfsdc - INFO - [number of node pruned_by_visited]: 125
2023-10-07 21:56:09,760 - forward_search:bfsdc - INFO - [number of node pruned]: 125
2023-10-07 21:56:09,760 - forward_search:bfsdc - INFO - [number of node goal_checked]: 708
2023-10-07 21:56:09,760 - forward_search:bfsdc - INFO - [number of node expansion]: 177
2023-10-07 21:56:09,760 - forward_search:bfsdc - INFO - [number of node generated]: 708
2023-10-07 21:56:09,760 - forward_search:bfsdc - INFO - [number of epistemic formulas evaluation: 1011]
2023-10-07 21:56:09,760 - forward_search:bfsdc - INFO - [time in epistemic formulas evaluation: 0:00:18.006712]
2023-10-07 21:56:09,760 - forward_search:bfsdc - INFO - [number of common perspective generated]: 739
2023-10-07 21:56:09,760 - forward_search:bfsdc - INFO - [number of all iterations used when generating common perspectives]: 2570
2023-10-07 21:56:09,760 - forward_search:bfsdc - INFO - [number of max iterations used when generating common perspectives]: 4
2023-10-07 21:56:09,760 - forward_search:bfsdc - INFO - [number of average iterations used when generating common perspectives]: 3.4776725304465494
2023-10-07 21:56:09,761 - instance_runner - INFO - initialization time: 0:00:00.000995
2023-10-07 21:56:09,761 - instance_runner - INFO - search time: 0:00:18.077519
