2023-10-07 21:55:51,292 - instance_runner - INFO - loading problem file: examples/group_bbl/problem1.pddl
2023-10-07 21:55:51,293 - pddl_parser - INFO - parsing problem: [group_bbl_01]
2023-10-07 21:55:51,295 - instance_runner - INFO - finish loading problem file: group_bbl_01
2023-10-07 21:55:51,295 - instance_runner - INFO - loading domain file: examples/group_bbl/domain.pddl
2023-10-07 21:55:51,295 - pddl_parser - INFO - parsing domain: [bbl]
2023-10-07 21:55:51,296 - instance_runner - INFO - finish loading domain file: bbl
2023-10-07 21:55:51,296 - instance_runner - INFO - Search algorithm exists
2023-10-07 21:55:51,296 - instance_runner - INFO - loading external function: examples/group_bbl/group_bbl.py
2023-10-07 21:55:51,373 - instance_runner - INFO - finish loading external function
2023-10-07 21:55:51,374 - instance_runner - INFO - Initialize problem
2023-10-07 21:55:51,374 - instance_runner - INFO - starting search
2023-10-07 21:55:51,376 - forward_search:bfsdc - INFO - starting searching using forward_search:bfsdc
2023-10-07 21:55:51,466 - forward_search:bfsdc - INFO - plan is: ['turn_clockwise-b']
2023-10-07 21:55:51,466 - forward_search:bfsdc - INFO - Goal found
2023-10-07 21:55:51,466 - forward_search:bfsdc - INFO - [number of node pruned_by_unknown]: 0
2023-10-07 21:55:51,466 - forward_search:bfsdc - INFO - [number of node pruned_by_visited]: 0
2023-10-07 21:55:51,466 - forward_search:bfsdc - INFO - [number of node pruned]: 0
2023-10-07 21:55:51,466 - forward_search:bfsdc - INFO - [number of node goal_checked]: 8
2023-10-07 21:55:51,466 - forward_search:bfsdc - INFO - [number of node expansion]: 2
2023-10-07 21:55:51,466 - forward_search:bfsdc - INFO - [number of node generated]: 8
2023-10-07 21:55:51,466 - forward_search:bfsdc - INFO - [number of epistemic formulas evaluation: 11]
2023-10-07 21:55:51,466 - forward_search:bfsdc - INFO - [time in epistemic formulas evaluation: 0:00:00.089002]
2023-10-07 21:55:51,466 - forward_search:bfsdc - INFO - [number of common perspective generated]: 9
2023-10-07 21:55:51,466 - forward_search:bfsdc - INFO - [number of all iterations used when generating common perspectives]: 28
2023-10-07 21:55:51,466 - forward_search:bfsdc - INFO - [number of max iterations used when generating common perspectives]: 4
2023-10-07 21:55:51,466 - forward_search:bfsdc - INFO - [number of average iterations used when generating common perspectives]: 3.111111111111111
2023-10-07 21:55:51,466 - instance_runner - INFO - initialization time: 0:00:00.083092
2023-10-07 21:55:51,466 - instance_runner - INFO - search time: 0:00:00.091692
