2025-01-12 18:47:55,327 - instance_runner - INFO - parser domain and problem
2025-01-12 18:47:55,327 - instance_runner - INFO - .\new_syntax\grapevine\domain01.pddl
2025-01-12 18:47:55,327 - instance_runner - INFO - .\new_syntax\grapevine\problem301.pddl
2025-01-12 18:47:55,327 - pddl_parser - INFO - Reading domain file
2025-01-12 18:47:55,327 - pddl_parser - INFO - .\new_syntax\grapevine\domain01.pddl
2025-01-12 18:47:55,329 - pddl_parser - INFO - Parsing domain file
2025-01-12 18:47:55,330 - pddl_parser - INFO - Reading problem file
2025-01-12 18:47:55,330 - pddl_parser - INFO - .\new_syntax\grapevine\problem301.pddl
2025-01-12 18:47:55,330 - pddl_parser - INFO - Parsing problem file
2025-01-12 18:47:55,331 - instance_runner - INFO - loading external function: .\new_syntax\grapevine\grapevine01.py
2025-01-12 18:47:55,333 - instance_runner - INFO - finish loading external function
2025-01-12 18:47:55,333 - instance_runner - INFO - Initialize problem
2025-01-12 18:47:55,333 - epistemic_model - INFO - initialize epistemic model
2025-01-12 18:47:55,333 - instance_runner - INFO - starting search
2025-01-12 18:47:55,333 - bfs - INFO - starting searching using [bfs]
2025-01-12 18:51:40,063 - bfs - INFO - plan is: ['move_right c', 'sharing_own_secret a sa', 'quiet sa', 'sharing_own_secret a sa', 'quiet sa', 'move_right b', 'sharing_others_secret b sa']
2025-01-12 18:51:40,063 - bfs - INFO - Goal found
2025-01-12 18:51:40,063 - bfs - INFO - [number of node pruned_by_unknown]: 0
2025-01-12 18:51:40,063 - bfs - INFO - [number of node pruned_by_visited]: 0
2025-01-12 18:51:40,063 - bfs - INFO - [number of node pruned]: 0
2025-01-12 18:51:40,063 - bfs - INFO - [number of node goal_checked]: 92422
2025-01-12 18:51:40,063 - bfs - INFO - [number of node expansion]: 75978
2025-01-12 18:51:40,063 - bfs - INFO - [number of node generated]: 92422
2025-01-12 18:51:40,063 - bfs - INFO - [number of epistemic formulas evaluation: 133260]
2025-01-12 18:51:40,063 - bfs - INFO - [time in epistemic formulas evaluation: 0:03:18.061143]
2025-01-12 18:51:40,063 - bfs - INFO - [avg time in epistemic formulas evaluation: 1.4862760243133721]
2025-01-12 18:51:40,063 - bfs - INFO - [total_goal_size: 2]
2025-01-12 18:51:40,063 - bfs - INFO - [ontic_goal_size: 0]
2025-01-12 18:51:40,063 - bfs - INFO - [epistemic_goal_size: 2]
2025-01-12 18:51:40,063 - bfs - INFO - [ontic_goals: []]
2025-01-12 18:51:40,063 - bfs - INFO - [epistemic_goals: ['(= (@ep ("+ b [c]") (= (shared_value sa) 9)) ep.true)', '(= (@ep ("+ b [a] + b [c]") (= (shared_value sa) 9)) ep.unknown)']]
2025-01-12 18:51:40,063 - bfs - INFO - [goals: ['(= (@ep ("+ b [c]") (= (shared_value sa) 9)) ep.true)', '(= (@ep ("+ b [a] + b [c]") (= (shared_value sa) 9)) ep.unknown)']]
2025-01-12 18:51:40,063 - bfs - INFO - [epistemic_call_time_max: 778.701]
2025-01-12 18:51:40,063 - bfs - INFO - [functions: 25]
2025-01-12 18:51:40,063 - bfs - INFO - [prediction time: 143.17110657691956]
2025-01-12 18:51:40,063 - bfs - INFO - [segment count: 3447275]
2025-01-12 18:51:40,063 - bfs - INFO - [number of common perspective generated]: 0
2025-01-12 18:51:40,063 - bfs - INFO - [number of all iterations used when generating common perspectives]: 0
2025-01-12 18:51:40,063 - bfs - INFO - [number of max iterations used when generating common perspectives]: 0
2025-01-12 18:51:40,063 - bfs - INFO - [number of average iterations used when generating common perspectives]: 0
2025-01-12 18:51:40,063 - bfs - INFO - [number of averaged unfiltered branching factors]: 4.656927005185712
2025-01-12 18:51:40,063 - bfs - INFO - [number of max unfiltered branching factors]: 15
2025-01-12 18:51:40,338 - instance_runner - INFO - initialization time: 0:00:00.005588
2025-01-12 18:51:40,338 - instance_runner - INFO - search time: 0:03:45.005292
