2025-01-12 18:46:36,456 - instance_runner - INFO - parser domain and problem
2025-01-12 18:46:36,456 - instance_runner - INFO - .\new_syntax\grapevine\domain01.pddl
2025-01-12 18:46:36,456 - instance_runner - INFO - .\new_syntax\grapevine\problem300.pddl
2025-01-12 18:46:36,456 - pddl_parser - INFO - Reading domain file
2025-01-12 18:46:36,456 - pddl_parser - INFO - .\new_syntax\grapevine\domain01.pddl
2025-01-12 18:46:36,472 - pddl_parser - INFO - Parsing domain file
2025-01-12 18:46:36,472 - pddl_parser - INFO - Reading problem file
2025-01-12 18:46:36,472 - pddl_parser - INFO - .\new_syntax\grapevine\problem300.pddl
2025-01-12 18:46:36,473 - pddl_parser - INFO - Parsing problem file
2025-01-12 18:46:36,475 - instance_runner - INFO - loading external function: .\new_syntax\grapevine\grapevine01.py
2025-01-12 18:46:36,476 - instance_runner - INFO - finish loading external function
2025-01-12 18:46:36,476 - instance_runner - INFO - Initialize problem
2025-01-12 18:46:36,476 - epistemic_model - INFO - initialize epistemic model
2025-01-12 18:46:36,476 - instance_runner - INFO - starting search
2025-01-12 18:46:36,476 - bfs - INFO - starting searching using [bfs]
2025-01-12 18:47:04,994 - bfs - INFO - plan is: ['move_right c', 'sharing_own_secret a sa', 'quiet sa', 'move_right b', 'sharing_others_secret b sa']
2025-01-12 18:47:04,994 - bfs - INFO - Goal found
2025-01-12 18:47:04,994 - bfs - INFO - [number of node pruned_by_unknown]: 0
2025-01-12 18:47:04,994 - bfs - INFO - [number of node pruned_by_visited]: 0
2025-01-12 18:47:04,994 - bfs - INFO - [number of node pruned]: 0
2025-01-12 18:47:04,994 - bfs - INFO - [number of node goal_checked]: 16365
2025-01-12 18:47:04,994 - bfs - INFO - [number of node expansion]: 3583
2025-01-12 18:47:04,994 - bfs - INFO - [number of node generated]: 16365
2025-01-12 18:47:04,994 - bfs - INFO - [number of epistemic formulas evaluation: 19280]
2025-01-12 18:47:04,994 - bfs - INFO - [time in epistemic formulas evaluation: 0:00:26.422735]
2025-01-12 18:47:04,994 - bfs - INFO - [avg time in epistemic formulas evaluation: 1.370473807053942]
2025-01-12 18:47:04,994 - bfs - INFO - [total_goal_size: 2]
2025-01-12 18:47:04,994 - bfs - INFO - [ontic_goal_size: 0]
2025-01-12 18:47:04,994 - bfs - INFO - [epistemic_goal_size: 2]
2025-01-12 18:47:04,994 - bfs - INFO - [ontic_goals: []]
2025-01-12 18:47:04,994 - bfs - INFO - [epistemic_goals: ['(= (@ep ("+ b [c]") (= (shared_value sa) 4)) ep.true)', '(= (@jp ("b [a] b [c]") (shared_value sa)) jp.none)']]
2025-01-12 18:47:04,994 - bfs - INFO - [goals: ['(= (@ep ("+ b [c]") (= (shared_value sa) 4)) ep.true)', '(= (@jp ("b [a] b [c]") (shared_value sa)) jp.none)']]
2025-01-12 18:47:04,994 - bfs - INFO - [epistemic_call_time_max: 215.43699999999998]
2025-01-12 18:47:04,994 - bfs - INFO - [functions: 25]
2025-01-12 18:47:04,994 - bfs - INFO - [prediction time: 19.83838701248169]
2025-01-12 18:47:04,994 - bfs - INFO - [segment count: 446082]
2025-01-12 18:47:04,994 - bfs - INFO - [number of common perspective generated]: 0
2025-01-12 18:47:04,994 - bfs - INFO - [number of all iterations used when generating common perspectives]: 0
2025-01-12 18:47:04,994 - bfs - INFO - [number of max iterations used when generating common perspectives]: 0
2025-01-12 18:47:04,994 - bfs - INFO - [number of average iterations used when generating common perspectives]: 0
2025-01-12 18:47:04,994 - bfs - INFO - [number of averaged unfiltered branching factors]: 4.572146246162434
2025-01-12 18:47:04,994 - bfs - INFO - [number of max unfiltered branching factors]: 13
2025-01-12 18:47:05,150 - instance_runner - INFO - initialization time: 0:00:00.019933
2025-01-12 18:47:05,150 - instance_runner - INFO - search time: 0:00:28.674402
