2024-01-18 10:05:13,901 - instance_runner - INFO - loading problem file: examples/group_grapevine/problem05.pddl
2024-01-18 10:05:13,901 - pddl_parser - INFO - parsing problem: [group_grapevine_05]
2024-01-18 10:05:13,901 - instance_runner - INFO - finish loading problem file: group_grapevine_05
2024-01-18 10:05:13,901 - instance_runner - INFO - loading domain file: examples/group_grapevine/domain.pddl
2024-01-18 10:05:13,902 - pddl_parser - INFO - parsing domain: [group_grapevine]
2024-01-18 10:05:13,902 - instance_runner - INFO - finish loading domain file: group_grapevine
2024-01-18 10:05:13,902 - instance_runner - INFO - Search algorithm exists
2024-01-18 10:05:13,902 - instance_runner - INFO - loading external function: examples/group_grapevine/group_grapevine.py
2024-01-18 10:05:13,902 - instance_runner - INFO - finish loading external function
2024-01-18 10:05:13,902 - instance_runner - INFO - Initialize problem
2024-01-18 10:05:13,902 - instance_runner - INFO - starting search
2024-01-18 10:05:13,903 - forward_search:bfsdc - INFO - starting searching using forward_search:bfsdc
2024-01-18 10:05:55,493 - forward_search:bfsdc - INFO - plan is: ['lying-a', 'move_right-a', 'move_right-d', 'sharing-a']
2024-01-18 10:05:55,493 - forward_search:bfsdc - INFO - Goal found
2024-01-18 10:05:55,493 - forward_search:bfsdc - INFO - [number of node pruned_by_unknown]: 0
2024-01-18 10:05:55,493 - forward_search:bfsdc - INFO - [number of node pruned_by_visited]: 504
2024-01-18 10:05:55,493 - forward_search:bfsdc - INFO - [number of node pruned]: 504
2024-01-18 10:05:55,493 - forward_search:bfsdc - INFO - [number of node goal_checked]: 2959
2024-01-18 10:05:55,493 - forward_search:bfsdc - INFO - [number of node expansion]: 328
2024-01-18 10:05:55,493 - forward_search:bfsdc - INFO - [number of node generated]: 2959
2024-01-18 10:05:55,493 - forward_search:bfsdc - INFO - [number of epistemic formulas evaluation: 3792]
2024-01-18 10:05:55,493 - forward_search:bfsdc - INFO - [time in epistemic formulas evaluation: 0:00:39.693411]
2024-01-18 10:05:55,493 - forward_search:bfsdc - INFO - [number of common perspective generated]: 14800
2024-01-18 10:05:55,493 - forward_search:bfsdc - INFO - [number of all iterations used when generating common perspectives]: 39434
2024-01-18 10:05:55,493 - forward_search:bfsdc - INFO - [number of max iterations used when generating common perspectives]: 4
2024-01-18 10:05:55,493 - forward_search:bfsdc - INFO - [number of average iterations used when generating common perspectives]: 2.6644594594594593
2024-01-18 10:05:55,495 - instance_runner - INFO - initialization time: 0:00:00.001967
2024-01-18 10:05:55,495 - instance_runner - INFO - search time: 0:00:41.592509
