2024-01-18 10:05:07,787 - instance_runner - INFO - loading problem file: examples/group_grapevine/problem04.pddl
2024-01-18 10:05:07,788 - pddl_parser - INFO - parsing problem: [group_grapevine_04]
2024-01-18 10:05:07,788 - instance_runner - INFO - finish loading problem file: group_grapevine_04
2024-01-18 10:05:07,788 - instance_runner - INFO - loading domain file: examples/group_grapevine/domain.pddl
2024-01-18 10:05:07,789 - pddl_parser - INFO - parsing domain: [group_grapevine]
2024-01-18 10:05:07,790 - instance_runner - INFO - finish loading domain file: group_grapevine
2024-01-18 10:05:07,790 - instance_runner - INFO - Search algorithm exists
2024-01-18 10:05:07,790 - instance_runner - INFO - loading external function: examples/group_grapevine/group_grapevine.py
2024-01-18 10:05:07,790 - instance_runner - INFO - finish loading external function
2024-01-18 10:05:07,790 - instance_runner - INFO - Initialize problem
2024-01-18 10:05:07,790 - instance_runner - INFO - starting search
2024-01-18 10:05:07,791 - forward_search:bfsdc - INFO - starting searching using forward_search:bfsdc
2024-01-18 10:05:13,895 - forward_search:bfsdc - INFO - plan is: ['lying-a', 'move_right-b', 'sharing-a']
2024-01-18 10:05:13,895 - forward_search:bfsdc - INFO - Goal found
2024-01-18 10:05:13,895 - forward_search:bfsdc - INFO - [number of node pruned_by_unknown]: 0
2024-01-18 10:05:13,895 - forward_search:bfsdc - INFO - [number of node pruned_by_visited]: 121
2024-01-18 10:05:13,895 - forward_search:bfsdc - INFO - [number of node pruned]: 121
2024-01-18 10:05:13,895 - forward_search:bfsdc - INFO - [number of node goal_checked]: 913
2024-01-18 10:05:13,895 - forward_search:bfsdc - INFO - [number of node expansion]: 103
2024-01-18 10:05:13,895 - forward_search:bfsdc - INFO - [number of node generated]: 913
2024-01-18 10:05:13,895 - forward_search:bfsdc - INFO - [number of epistemic formulas evaluation: 1138]
2024-01-18 10:05:13,895 - forward_search:bfsdc - INFO - [time in epistemic formulas evaluation: 0:00:05.566066]
2024-01-18 10:05:13,895 - forward_search:bfsdc - INFO - [number of common perspective generated]: 1828
2024-01-18 10:05:13,895 - forward_search:bfsdc - INFO - [number of all iterations used when generating common perspectives]: 5516
2024-01-18 10:05:13,895 - forward_search:bfsdc - INFO - [number of max iterations used when generating common perspectives]: 4
2024-01-18 10:05:13,895 - forward_search:bfsdc - INFO - [number of average iterations used when generating common perspectives]: 3.017505470459519
2024-01-18 10:05:13,896 - instance_runner - INFO - initialization time: 0:00:00.003775
2024-01-18 10:05:13,896 - instance_runner - INFO - search time: 0:00:06.105542
