2024-01-18 10:06:00,209 - instance_runner - INFO - loading problem file: examples/group_grapevine/problem07.pddl
2024-01-18 10:06:00,209 - pddl_parser - INFO - parsing problem: [group_grapevine_07]
2024-01-18 10:06:00,209 - instance_runner - INFO - finish loading problem file: group_grapevine_07
2024-01-18 10:06:00,209 - instance_runner - INFO - loading domain file: examples/group_grapevine/domain.pddl
2024-01-18 10:06:00,210 - pddl_parser - INFO - parsing domain: [group_grapevine]
2024-01-18 10:06:00,210 - instance_runner - INFO - finish loading domain file: group_grapevine
2024-01-18 10:06:00,210 - instance_runner - INFO - Search algorithm exists
2024-01-18 10:06:00,210 - instance_runner - INFO - loading external function: examples/group_grapevine/group_grapevine.py
2024-01-18 10:06:00,210 - instance_runner - INFO - finish loading external function
2024-01-18 10:06:00,210 - instance_runner - INFO - Initialize problem
2024-01-18 10:06:00,211 - instance_runner - INFO - starting search
2024-01-18 10:06:00,211 - forward_search:bfsdc - INFO - starting searching using forward_search:bfsdc
2024-01-18 10:06:01,546 - forward_search:bfsdc - INFO - plan is: ['move_right-b', 'sharing_truth-a-a', 'move_right-c', 'sharing_truth-c-a']
2024-01-18 10:06:01,546 - forward_search:bfsdc - INFO - Goal found
2024-01-18 10:06:01,546 - forward_search:bfsdc - INFO - [number of node pruned_by_unknown]: 113
2024-01-18 10:06:01,546 - forward_search:bfsdc - INFO - [number of node pruned_by_visited]: 95
2024-01-18 10:06:01,546 - forward_search:bfsdc - INFO - [number of node pruned]: 208
2024-01-18 10:06:01,546 - forward_search:bfsdc - INFO - [number of node goal_checked]: 568
2024-01-18 10:06:01,546 - forward_search:bfsdc - INFO - [number of node expansion]: 70
2024-01-18 10:06:01,546 - forward_search:bfsdc - INFO - [number of node generated]: 455
2024-01-18 10:06:01,546 - forward_search:bfsdc - INFO - [number of epistemic formulas evaluation: 734]
2024-01-18 10:06:01,546 - forward_search:bfsdc - INFO - [time in epistemic formulas evaluation: 0:00:00.942309]
2024-01-18 10:06:01,546 - forward_search:bfsdc - INFO - [number of common perspective generated]: 0
2024-01-18 10:06:01,546 - forward_search:bfsdc - INFO - [number of all iterations used when generating common perspectives]: 0
2024-01-18 10:06:01,546 - forward_search:bfsdc - INFO - [number of max iterations used when generating common perspectives]: 0
2024-01-18 10:06:01,546 - forward_search:bfsdc - INFO - [number of average iterations used when generating common perspectives]: 0
2024-01-18 10:06:01,547 - instance_runner - INFO - initialization time: 0:00:00.002212
2024-01-18 10:06:01,547 - instance_runner - INFO - search time: 0:00:01.336113
