2025-01-12 19:26:45,951 - instance_runner - INFO - parser domain and problem
2025-01-12 19:26:45,951 - instance_runner - INFO - .\new_syntax\grapevine\domain02.pddl
2025-01-12 19:26:45,951 - instance_runner - INFO - .\new_syntax\grapevine\problem303.pddl
2025-01-12 19:26:45,951 - pddl_parser - INFO - Reading domain file
2025-01-12 19:26:45,951 - pddl_parser - INFO - .\new_syntax\grapevine\domain02.pddl
2025-01-12 19:26:45,952 - pddl_parser - INFO - Parsing domain file
2025-01-12 19:26:45,953 - pddl_parser - INFO - Reading problem file
2025-01-12 19:26:45,953 - pddl_parser - INFO - .\new_syntax\grapevine\problem303.pddl
2025-01-12 19:26:45,953 - pddl_parser - INFO - Parsing problem file
2025-01-12 19:26:45,956 - instance_runner - INFO - loading external function: .\new_syntax\grapevine\grapevine02.py
2025-01-12 19:26:45,956 - instance_runner - INFO - finish loading external function
2025-01-12 19:26:45,956 - instance_runner - INFO - Initialize problem
2025-01-12 19:26:45,956 - epistemic_model - INFO - initialize epistemic model
2025-01-12 19:26:45,956 - instance_runner - INFO - starting validate
2025-01-12 19:26:45,956 - bfs - INFO - starting searching using [bfs]
2025-01-12 19:26:46,087 - bfs - INFO - plan is: ['sharing_own_secret a sa', 'quiet sa', 'sharing_own_secret a sa', 'quiet sa', 'move_right a', 'sharing_own_secret a sa', 'quiet sa', 'sharing_own_secret a sa', 'quiet sa', 'move_right c', 'lying_others_secret a sa', 'quiet sa']
2025-01-12 19:26:46,087 - bfs - INFO - Goal found
2025-01-12 19:26:46,087 - bfs - INFO - [number of node pruned_by_unknown]: 0
2025-01-12 19:26:46,087 - bfs - INFO - [number of node pruned_by_visited]: 0
2025-01-12 19:26:46,087 - bfs - INFO - [number of node pruned]: 0
2025-01-12 19:26:46,087 - bfs - INFO - [number of node goal_checked]: 78
2025-01-12 19:26:46,087 - bfs - INFO - [number of node expansion]: 25
2025-01-12 19:26:46,087 - bfs - INFO - [number of node generated]: 78
2025-01-12 19:26:46,087 - bfs - INFO - [number of epistemic formulas evaluation: 96]
2025-01-12 19:26:46,087 - bfs - INFO - [time in epistemic formulas evaluation: 0:00:00.123091]
2025-01-12 19:26:46,087 - bfs - INFO - [avg time in epistemic formulas evaluation: 1.2821979166666668]
2025-01-12 19:26:46,087 - bfs - INFO - [total_goal_size: 2]
2025-01-12 19:26:46,087 - bfs - INFO - [ontic_goal_size: 0]
2025-01-12 19:26:46,087 - bfs - INFO - [epistemic_goal_size: 2]
2025-01-12 19:26:46,087 - bfs - INFO - [ontic_goals: []]
2025-01-12 19:26:46,087 - bfs - INFO - [epistemic_goals: ['(= (@ep ("+ b [c]") (= (shared_value sa) 14)) ep.true)', '(= (@ep ("+ b [b]") (= (shared_value sa) 14)) ep.true)']]
2025-01-12 19:26:46,087 - bfs - INFO - [goals: ['(= (@ep ("+ b [c]") (= (shared_value sa) 14)) ep.true)', '(= (@ep ("+ b [b]") (= (shared_value sa) 14)) ep.true)']]
2025-01-12 19:26:46,087 - bfs - INFO - [epistemic_call_time_max: 17.035999999999998]
2025-01-12 19:26:46,087 - bfs - INFO - [functions: 25]
2025-01-12 19:26:46,087 - bfs - INFO - [prediction time: 0.07001495361328125]
2025-01-12 19:26:46,087 - bfs - INFO - [segment count: 16142]
2025-01-12 19:26:46,087 - bfs - INFO - [number of common perspective generated]: 0
2025-01-12 19:26:46,087 - bfs - INFO - [number of all iterations used when generating common perspectives]: 0
2025-01-12 19:26:46,087 - bfs - INFO - [number of max iterations used when generating common perspectives]: 0
2025-01-12 19:26:46,087 - bfs - INFO - [number of average iterations used when generating common perspectives]: 0
2025-01-12 19:26:46,087 - bfs - INFO - [number of averaged unfiltered branching factors]: 5.76
2025-01-12 19:26:46,087 - bfs - INFO - [number of max unfiltered branching factors]: 14
