2025-01-12 18:46:03,714 - instance_runner - INFO - parser domain and problem
2025-01-12 18:46:03,714 - instance_runner - INFO - .\new_syntax\grapevine\domain01.pddl
2025-01-12 18:46:03,714 - instance_runner - INFO - .\new_syntax\grapevine\problem200.pddl
2025-01-12 18:46:03,714 - pddl_parser - INFO - Reading domain file
2025-01-12 18:46:03,714 - pddl_parser - INFO - .\new_syntax\grapevine\domain01.pddl
2025-01-12 18:46:03,716 - pddl_parser - INFO - Parsing domain file
2025-01-12 18:46:03,716 - pddl_parser - INFO - Reading problem file
2025-01-12 18:46:03,716 - pddl_parser - INFO - .\new_syntax\grapevine\problem200.pddl
2025-01-12 18:46:03,717 - pddl_parser - INFO - Parsing problem file
2025-01-12 18:46:03,718 - instance_runner - INFO - loading external function: .\new_syntax\grapevine\grapevine01.py
2025-01-12 18:46:03,719 - instance_runner - INFO - finish loading external function
2025-01-12 18:46:03,719 - instance_runner - INFO - Initialize problem
2025-01-12 18:46:03,719 - epistemic_model - INFO - initialize epistemic model
2025-01-12 18:46:03,719 - instance_runner - INFO - starting search
2025-01-12 18:46:03,719 - bfs - INFO - starting searching using [bfs]
2025-01-12 18:46:03,745 - bfs - INFO - plan is: ['sharing_own_secret a sa']
2025-01-12 18:46:03,745 - bfs - INFO - Goal found
2025-01-12 18:46:03,745 - bfs - INFO - [number of node pruned_by_unknown]: 0
2025-01-12 18:46:03,745 - bfs - INFO - [number of node pruned_by_visited]: 0
2025-01-12 18:46:03,745 - bfs - INFO - [number of node pruned]: 0
2025-01-12 18:46:03,745 - bfs - INFO - [number of node goal_checked]: 40
2025-01-12 18:46:03,745 - bfs - INFO - [number of node expansion]: 7
2025-01-12 18:46:03,745 - bfs - INFO - [number of node generated]: 40
2025-01-12 18:46:03,745 - bfs - INFO - [number of epistemic formulas evaluation: 44]
2025-01-12 18:46:03,745 - bfs - INFO - [time in epistemic formulas evaluation: 0:00:00.021330]
2025-01-12 18:46:03,745 - bfs - INFO - [avg time in epistemic formulas evaluation: 0.48477272727272724]
2025-01-12 18:46:03,745 - bfs - INFO - [total_goal_size: 2]
2025-01-12 18:46:03,745 - bfs - INFO - [ontic_goal_size: 0]
2025-01-12 18:46:03,745 - bfs - INFO - [epistemic_goal_size: 2]
2025-01-12 18:46:03,745 - bfs - INFO - [ontic_goals: []]
2025-01-12 18:46:03,745 - bfs - INFO - [epistemic_goals: ['(= (@ep ("+ b [b]") (= (shared_value sa) 3)) ep.true)', '(= (@ep ("+ b [a]") (= (shared_value sa) 3)) ep.true)']]
2025-01-12 18:46:03,745 - bfs - INFO - [goals: ['(= (@ep ("+ b [b]") (= (shared_value sa) 3)) ep.true)', '(= (@ep ("+ b [a]") (= (shared_value sa) 3)) ep.true)']]
2025-01-12 18:46:03,745 - bfs - INFO - [epistemic_call_time_max: 5.215]
2025-01-12 18:46:03,745 - bfs - INFO - [functions: 25]
2025-01-12 18:46:03,745 - bfs - INFO - [prediction time: 0.01820206642150879]
2025-01-12 18:46:03,745 - bfs - INFO - [segment count: 282]
2025-01-12 18:46:03,745 - bfs - INFO - [number of common perspective generated]: 0
2025-01-12 18:46:03,745 - bfs - INFO - [number of all iterations used when generating common perspectives]: 0
2025-01-12 18:46:03,745 - bfs - INFO - [number of max iterations used when generating common perspectives]: 0
2025-01-12 18:46:03,745 - bfs - INFO - [number of average iterations used when generating common perspectives]: 0
2025-01-12 18:46:03,745 - bfs - INFO - [number of averaged unfiltered branching factors]: 5.571428571428571
2025-01-12 18:46:03,745 - bfs - INFO - [number of max unfiltered branching factors]: 9
2025-01-12 18:46:03,745 - instance_runner - INFO - initialization time: 0:00:00.005484
2025-01-12 18:46:03,745 - instance_runner - INFO - search time: 0:00:00.025884
