2023-10-07 13:14:53,760 - instance_runner - INFO - loading problem file: examples/group_number/problem05.pddl
2023-10-07 13:14:53,767 - pddl_parser - INFO - parsing problem: [group_num_05]
2023-10-07 13:14:53,767 - instance_runner - INFO - finish loading problem file: group_num_05
2023-10-07 13:14:53,767 - instance_runner - INFO - loading domain file: examples/group_number/domain.pddl
2023-10-07 13:14:53,768 - pddl_parser - INFO - parsing domain: [group_number]
2023-10-07 13:14:53,768 - instance_runner - INFO - finish loading domain file: group_number
2023-10-07 13:14:53,768 - instance_runner - INFO - Search algorithm exists
2023-10-07 13:14:53,768 - instance_runner - INFO - loading external function: examples/group_number/group_number.py
2023-10-07 13:14:53,768 - instance_runner - INFO - finish loading external function
2023-10-07 13:14:53,768 - instance_runner - INFO - Initialize problem
2023-10-07 13:14:53,768 - instance_runner - INFO - starting search
2023-10-07 13:14:53,768 - forward_search:bfsdc - INFO - starting searching using forward_search:bfsdc
2023-10-07 13:14:55,903 - forward_search:bfsdc - INFO - plan is: ['single_peek-a', 'return-a', 'single_peek-b', 'subtraction1-c', 'return-b', 'single_peek-a', 'return-a', 'single_peek-b']
2023-10-07 13:14:55,903 - forward_search:bfsdc - INFO - Goal found
2023-10-07 13:14:55,903 - forward_search:bfsdc - INFO - [number of node pruned_by_unknown]: 0
2023-10-07 13:14:55,903 - forward_search:bfsdc - INFO - [number of node pruned_by_visited]: 420
2023-10-07 13:14:55,903 - forward_search:bfsdc - INFO - [number of node pruned]: 420
2023-10-07 13:14:55,903 - forward_search:bfsdc - INFO - [number of node goal_checked]: 1273
2023-10-07 13:14:55,903 - forward_search:bfsdc - INFO - [number of node expansion]: 347
2023-10-07 13:14:55,903 - forward_search:bfsdc - INFO - [number of node generated]: 1273
2023-10-07 13:14:55,903 - forward_search:bfsdc - INFO - [number of epistemic formulas evaluation: 2041]
2023-10-07 13:14:55,903 - forward_search:bfsdc - INFO - [time in epistemic formulas evaluation: 0:00:01.881955]
2023-10-07 13:14:55,903 - forward_search:bfsdc - INFO - [number of common perspective generated]: 1851
2023-10-07 13:14:55,904 - forward_search:bfsdc - INFO - [number of all iterations used when generating common perspectives]: 4843
2023-10-07 13:14:55,904 - forward_search:bfsdc - INFO - [number of max iterations used when generating common perspectives]: 5
2023-10-07 13:14:55,904 - forward_search:bfsdc - INFO - [number of average iterations used when generating common perspectives]: 2.616423554835224
2023-10-07 13:14:55,904 - instance_runner - INFO - initialization time: 0:00:00.008575
2023-10-07 13:14:55,904 - instance_runner - INFO - search time: 0:00:02.135801
