2023-10-07 13:14:56,008 - instance_runner - INFO - loading problem file: examples/group_number/problem07.pddl
2023-10-07 13:14:56,010 - pddl_parser - INFO - parsing problem: [group_num_07]
2023-10-07 13:14:56,010 - instance_runner - INFO - finish loading problem file: group_num_07
2023-10-07 13:14:56,010 - instance_runner - INFO - loading domain file: examples/group_number/domain.pddl
2023-10-07 13:14:56,010 - pddl_parser - INFO - parsing domain: [group_number]
2023-10-07 13:14:56,011 - instance_runner - INFO - finish loading domain file: group_number
2023-10-07 13:14:56,011 - instance_runner - INFO - Search algorithm exists
2023-10-07 13:14:56,011 - instance_runner - INFO - loading external function: examples/group_number/group_number.py
2023-10-07 13:14:56,011 - instance_runner - INFO - finish loading external function
2023-10-07 13:14:56,011 - instance_runner - INFO - Initialize problem
2023-10-07 13:14:56,011 - instance_runner - INFO - starting search
2023-10-07 13:14:56,012 - forward_search:bfsdc - INFO - starting searching using forward_search:bfsdc
2023-10-07 13:14:56,130 - forward_search:bfsdc - INFO - plan is: ['single_peek-b', 'return-b', 'subtraction1-c', 'single_peek-a']
2023-10-07 13:14:56,130 - forward_search:bfsdc - INFO - Goal found
2023-10-07 13:14:56,130 - forward_search:bfsdc - INFO - [number of node pruned_by_unknown]: 0
2023-10-07 13:14:56,130 - forward_search:bfsdc - INFO - [number of node pruned_by_visited]: 29
2023-10-07 13:14:56,130 - forward_search:bfsdc - INFO - [number of node pruned]: 29
2023-10-07 13:14:56,130 - forward_search:bfsdc - INFO - [number of node goal_checked]: 177
2023-10-07 13:14:56,130 - forward_search:bfsdc - INFO - [number of node expansion]: 50
2023-10-07 13:14:56,130 - forward_search:bfsdc - INFO - [number of node generated]: 177
2023-10-07 13:14:56,130 - forward_search:bfsdc - INFO - [number of epistemic formulas evaluation: 257]
2023-10-07 13:14:56,130 - forward_search:bfsdc - INFO - [time in epistemic formulas evaluation: 0:00:00.088984]
2023-10-07 13:14:56,130 - forward_search:bfsdc - INFO - [number of common perspective generated]: 2319
2023-10-07 13:14:56,130 - forward_search:bfsdc - INFO - [number of all iterations used when generating common perspectives]: 5669
2023-10-07 13:14:56,130 - forward_search:bfsdc - INFO - [number of max iterations used when generating common perspectives]: 5
2023-10-07 13:14:56,131 - forward_search:bfsdc - INFO - [number of average iterations used when generating common perspectives]: 2.444588184562311
2023-10-07 13:14:56,131 - instance_runner - INFO - initialization time: 0:00:00.002675
2023-10-07 13:14:56,131 - instance_runner - INFO - search time: 0:00:00.119691
