2023-10-07 13:14:53,336 - instance_runner - INFO - loading problem file: examples/group_number/problem04.pddl
2023-10-07 13:14:53,344 - pddl_parser - INFO - parsing problem: [group_num_04]
2023-10-07 13:14:53,344 - instance_runner - INFO - finish loading problem file: group_num_04
2023-10-07 13:14:53,344 - instance_runner - INFO - loading domain file: examples/group_number/domain.pddl
2023-10-07 13:14:53,345 - pddl_parser - INFO - parsing domain: [group_number]
2023-10-07 13:14:53,345 - instance_runner - INFO - finish loading domain file: group_number
2023-10-07 13:14:53,345 - instance_runner - INFO - Search algorithm exists
2023-10-07 13:14:53,345 - instance_runner - INFO - loading external function: examples/group_number/group_number.py
2023-10-07 13:14:53,345 - instance_runner - INFO - finish loading external function
2023-10-07 13:14:53,345 - instance_runner - INFO - Initialize problem
2023-10-07 13:14:53,345 - instance_runner - INFO - starting search
2023-10-07 13:14:53,345 - forward_search:bfsdc - INFO - starting searching using forward_search:bfsdc
2023-10-07 13:14:53,758 - forward_search:bfsdc - INFO - plan is: ['single_peek-a', 'return-a', 'single_peek-b', 'subtraction1-c', 'return-b', 'single_peek-a']
2023-10-07 13:14:53,758 - forward_search:bfsdc - INFO - Goal found
2023-10-07 13:14:53,758 - forward_search:bfsdc - INFO - [number of node pruned_by_unknown]: 0
2023-10-07 13:14:53,758 - forward_search:bfsdc - INFO - [number of node pruned_by_visited]: 112
2023-10-07 13:14:53,758 - forward_search:bfsdc - INFO - [number of node pruned]: 112
2023-10-07 13:14:53,758 - forward_search:bfsdc - INFO - [number of node goal_checked]: 435
2023-10-07 13:14:53,758 - forward_search:bfsdc - INFO - [number of node expansion]: 120
2023-10-07 13:14:53,758 - forward_search:bfsdc - INFO - [number of node generated]: 435
2023-10-07 13:14:53,758 - forward_search:bfsdc - INFO - [number of epistemic formulas evaluation: 668]
2023-10-07 13:14:53,758 - forward_search:bfsdc - INFO - [time in epistemic formulas evaluation: 0:00:00.336959]
2023-10-07 13:14:53,758 - forward_search:bfsdc - INFO - [number of common perspective generated]: 577
2023-10-07 13:14:53,758 - forward_search:bfsdc - INFO - [number of all iterations used when generating common perspectives]: 1383
2023-10-07 13:14:53,758 - forward_search:bfsdc - INFO - [number of max iterations used when generating common perspectives]: 4
2023-10-07 13:14:53,758 - forward_search:bfsdc - INFO - [number of average iterations used when generating common perspectives]: 2.396880415944541
2023-10-07 13:14:53,758 - instance_runner - INFO - initialization time: 0:00:00.008709
2023-10-07 13:14:53,759 - instance_runner - INFO - search time: 0:00:00.413361
