2023-10-07 13:14:52,981 - instance_runner - INFO - loading problem file: examples/group_number/problem01.pddl
2023-10-07 13:14:52,986 - pddl_parser - INFO - parsing problem: [group_num_01]
2023-10-07 13:14:52,989 - instance_runner - INFO - finish loading problem file: group_num_01
2023-10-07 13:14:52,989 - instance_runner - INFO - loading domain file: examples/group_number/domain.pddl
2023-10-07 13:14:52,990 - pddl_parser - INFO - parsing domain: [group_number]
2023-10-07 13:14:52,991 - instance_runner - INFO - finish loading domain file: group_number
2023-10-07 13:14:52,991 - instance_runner - INFO - Search algorithm exists
2023-10-07 13:14:52,991 - instance_runner - INFO - loading external function: examples/group_number/group_number.py
2023-10-07 13:14:53,076 - instance_runner - INFO - finish loading external function
2023-10-07 13:14:53,076 - instance_runner - INFO - Initialize problem
2023-10-07 13:14:53,077 - instance_runner - INFO - starting search
2023-10-07 13:14:53,079 - forward_search:bfsdc - INFO - starting searching using forward_search:bfsdc
2023-10-07 13:14:53,127 - forward_search:bfsdc - INFO - plan is: ['single_peek-a', 'subtraction1-c', 'return-a', 'single_peek-b']
2023-10-07 13:14:53,127 - forward_search:bfsdc - INFO - Goal found
2023-10-07 13:14:53,128 - forward_search:bfsdc - INFO - [number of node pruned_by_unknown]: 0
2023-10-07 13:14:53,128 - forward_search:bfsdc - INFO - [number of node pruned_by_visited]: 27
2023-10-07 13:14:53,128 - forward_search:bfsdc - INFO - [number of node pruned]: 27
2023-10-07 13:14:53,128 - forward_search:bfsdc - INFO - [number of node goal_checked]: 140
2023-10-07 13:14:53,128 - forward_search:bfsdc - INFO - [number of node expansion]: 39
2023-10-07 13:14:53,128 - forward_search:bfsdc - INFO - [number of node generated]: 140
2023-10-07 13:14:53,128 - forward_search:bfsdc - INFO - [number of epistemic formulas evaluation: 207]
2023-10-07 13:14:53,128 - forward_search:bfsdc - INFO - [time in epistemic formulas evaluation: 0:00:00.020150]
2023-10-07 13:14:53,128 - forward_search:bfsdc - INFO - [number of common perspective generated]: 0
2023-10-07 13:14:53,128 - forward_search:bfsdc - INFO - [number of all iterations used when generating common perspectives]: 0
2023-10-07 13:14:53,128 - forward_search:bfsdc - INFO - [number of max iterations used when generating common perspectives]: 0
2023-10-07 13:14:53,128 - forward_search:bfsdc - INFO - [number of average iterations used when generating common perspectives]: 0
2023-10-07 13:14:53,128 - instance_runner - INFO - initialization time: 0:00:00.096297
2023-10-07 13:14:53,128 - instance_runner - INFO - search time: 0:00:00.050868
