2023-10-07 13:14:55,906 - instance_runner - INFO - loading problem file: examples/group_number/problem06.pddl
2023-10-07 13:14:55,914 - pddl_parser - INFO - parsing problem: [group_num_06]
2023-10-07 13:14:55,914 - instance_runner - INFO - finish loading problem file: group_num_06
2023-10-07 13:14:55,914 - instance_runner - INFO - loading domain file: examples/group_number/domain.pddl
2023-10-07 13:14:55,914 - pddl_parser - INFO - parsing domain: [group_number]
2023-10-07 13:14:55,915 - instance_runner - INFO - finish loading domain file: group_number
2023-10-07 13:14:55,915 - instance_runner - INFO - Search algorithm exists
2023-10-07 13:14:55,915 - instance_runner - INFO - loading external function: examples/group_number/group_number.py
2023-10-07 13:14:55,915 - instance_runner - INFO - finish loading external function
2023-10-07 13:14:55,915 - instance_runner - INFO - Initialize problem
2023-10-07 13:14:55,915 - instance_runner - INFO - starting search
2023-10-07 13:14:55,915 - forward_search:bfsdc - INFO - starting searching using forward_search:bfsdc
2023-10-07 13:14:56,007 - forward_search:bfsdc - INFO - plan is: ['single_peek-a', 'return-a', 'single_peek-b', 'subtraction1-c']
2023-10-07 13:14:56,007 - forward_search:bfsdc - INFO - Goal found
2023-10-07 13:14:56,007 - forward_search:bfsdc - INFO - [number of node pruned_by_unknown]: 0
2023-10-07 13:14:56,007 - forward_search:bfsdc - INFO - [number of node pruned_by_visited]: 18
2023-10-07 13:14:56,007 - forward_search:bfsdc - INFO - [number of node pruned]: 18
2023-10-07 13:14:56,007 - forward_search:bfsdc - INFO - [number of node goal_checked]: 111
2023-10-07 13:14:56,007 - forward_search:bfsdc - INFO - [number of node expansion]: 31
2023-10-07 13:14:56,007 - forward_search:bfsdc - INFO - [number of node generated]: 111
2023-10-07 13:14:56,007 - forward_search:bfsdc - INFO - [number of epistemic formulas evaluation: 161]
2023-10-07 13:14:56,007 - forward_search:bfsdc - INFO - [time in epistemic formulas evaluation: 0:00:00.070044]
2023-10-07 13:14:56,007 - forward_search:bfsdc - INFO - [number of common perspective generated]: 1963
2023-10-07 13:14:56,007 - forward_search:bfsdc - INFO - [number of all iterations used when generating common perspectives]: 5082
2023-10-07 13:14:56,007 - forward_search:bfsdc - INFO - [number of max iterations used when generating common perspectives]: 5
2023-10-07 13:14:56,007 - forward_search:bfsdc - INFO - [number of average iterations used when generating common perspectives]: 2.5888945491594497
2023-10-07 13:14:56,008 - instance_runner - INFO - initialization time: 0:00:00.008828
2023-10-07 13:14:56,008 - instance_runner - INFO - search time: 0:00:00.092532
