2023-10-07 13:14:53,129 - instance_runner - INFO - loading problem file: examples/group_number/problem02.pddl
2023-10-07 13:14:53,137 - pddl_parser - INFO - parsing problem: [group_num_02]
2023-10-07 13:14:53,138 - instance_runner - INFO - finish loading problem file: group_num_02
2023-10-07 13:14:53,138 - instance_runner - INFO - loading domain file: examples/group_number/domain.pddl
2023-10-07 13:14:53,139 - pddl_parser - INFO - parsing domain: [group_number]
2023-10-07 13:14:53,140 - instance_runner - INFO - finish loading domain file: group_number
2023-10-07 13:14:53,140 - instance_runner - INFO - Search algorithm exists
2023-10-07 13:14:53,140 - instance_runner - INFO - loading external function: examples/group_number/group_number.py
2023-10-07 13:14:53,141 - instance_runner - INFO - finish loading external function
2023-10-07 13:14:53,141 - instance_runner - INFO - Initialize problem
2023-10-07 13:14:53,141 - instance_runner - INFO - starting search
2023-10-07 13:14:53,142 - forward_search:bfsdc - INFO - starting searching using forward_search:bfsdc
2023-10-07 13:14:53,163 - forward_search:bfsdc - INFO - plan is: ['single_peek-a', 'subtraction1-c']
2023-10-07 13:14:53,163 - forward_search:bfsdc - INFO - Goal found
2023-10-07 13:14:53,164 - forward_search:bfsdc - INFO - [number of node pruned_by_unknown]: 0
2023-10-07 13:14:53,164 - forward_search:bfsdc - INFO - [number of node pruned_by_visited]: 0
2023-10-07 13:14:53,164 - forward_search:bfsdc - INFO - [number of node pruned]: 0
2023-10-07 13:14:53,164 - forward_search:bfsdc - INFO - [number of node goal_checked]: 25
2023-10-07 13:14:53,164 - forward_search:bfsdc - INFO - [number of node expansion]: 7
2023-10-07 13:14:53,164 - forward_search:bfsdc - INFO - [number of node generated]: 25
2023-10-07 13:14:53,165 - forward_search:bfsdc - INFO - [number of epistemic formulas evaluation: 33]
2023-10-07 13:14:53,165 - forward_search:bfsdc - INFO - [time in epistemic formulas evaluation: 0:00:00.010308]
2023-10-07 13:14:53,165 - forward_search:bfsdc - INFO - [number of common perspective generated]: 0
2023-10-07 13:14:53,165 - forward_search:bfsdc - INFO - [number of all iterations used when generating common perspectives]: 0
2023-10-07 13:14:53,165 - forward_search:bfsdc - INFO - [number of max iterations used when generating common perspectives]: 0
2023-10-07 13:14:53,165 - forward_search:bfsdc - INFO - [number of average iterations used when generating common perspectives]: 0
2023-10-07 13:14:53,166 - instance_runner - INFO - initialization time: 0:00:00.012678
2023-10-07 13:14:53,166 - instance_runner - INFO - search time: 0:00:00.024031
