2025-01-12 19:09:56,541 - instance_runner - INFO - parser domain and problem
2025-01-12 19:09:56,541 - instance_runner - INFO - .\new_syntax\grapevine\domain02.pddl
2025-01-12 19:09:56,541 - instance_runner - INFO - .\new_syntax\grapevine\problem303.pddl
2025-01-12 19:09:56,541 - pddl_parser - INFO - Reading domain file
2025-01-12 19:09:56,541 - pddl_parser - INFO - .\new_syntax\grapevine\domain02.pddl
2025-01-12 19:09:56,542 - pddl_parser - INFO - Parsing domain file
2025-01-12 19:09:56,542 - pddl_parser - INFO - Reading problem file
2025-01-12 19:09:56,542 - pddl_parser - INFO - .\new_syntax\grapevine\problem303.pddl
2025-01-12 19:09:56,545 - pddl_parser - INFO - Parsing problem file
2025-01-12 19:09:56,551 - instance_runner - INFO - loading external function: .\new_syntax\grapevine\grapevine01.py
2025-01-12 19:09:56,552 - instance_runner - INFO - finish loading external function
2025-01-12 19:09:56,552 - instance_runner - INFO - Initialize problem
2025-01-12 19:09:56,552 - epistemic_model - INFO - initialize epistemic model
2025-01-12 19:09:56,552 - instance_runner - INFO - starting search
2025-01-12 19:09:56,552 - bfs - INFO - starting searching using [bfs]
2025-01-12 19:17:49,416 - bfs - INFO - Problem cannot be solved in the given memory (8192MB).
2025-01-12 19:17:49,416 - bfs - INFO - [number of node pruned_by_unknown]: 0
2025-01-12 19:17:49,416 - bfs - INFO - [number of node pruned_by_visited]: 0
2025-01-12 19:17:49,416 - bfs - INFO - [number of node pruned]: 0
2025-01-12 19:17:49,416 - bfs - INFO - [number of node goal_checked]: 309578
2025-01-12 19:17:49,416 - bfs - INFO - [number of node expansion]: 60367
2025-01-12 19:17:49,416 - bfs - INFO - [number of node generated]: 309578
2025-01-12 19:17:49,416 - bfs - INFO - [number of epistemic formulas evaluation: 359095]
2025-01-12 19:17:49,416 - bfs - INFO - [time in epistemic formulas evaluation: 0:07:16.676133]
2025-01-12 19:17:49,416 - bfs - INFO - [avg time in epistemic formulas evaluation: 1.21604626352358]
2025-01-12 19:17:49,416 - bfs - INFO - [total_goal_size: 2]
2025-01-12 19:17:49,416 - bfs - INFO - [ontic_goal_size: 0]
2025-01-12 19:17:49,416 - bfs - INFO - [epistemic_goal_size: 2]
2025-01-12 19:17:49,416 - bfs - INFO - [ontic_goals: []]
2025-01-12 19:17:49,416 - bfs - INFO - [epistemic_goals: ['(= (@ep ("+ b [c]") (= (shared_value sa) 14)) ep.true)', '(= (@ep ("+ b [b]") (= (shared_value sa) 14)) ep.true)']]
2025-01-12 19:17:49,416 - bfs - INFO - [goals: ['(= (@ep ("+ b [c]") (= (shared_value sa) 14)) ep.true)', '(= (@ep ("+ b [b]") (= (shared_value sa) 14)) ep.true)']]
2025-01-12 19:17:49,416 - bfs - INFO - [epistemic_call_time_max: 3124.9060000000004]
2025-01-12 19:17:49,416 - bfs - INFO - [functions: 25]
2025-01-12 19:17:49,416 - bfs - INFO - [prediction time: 293.2668960094452]
2025-01-12 19:17:49,416 - bfs - INFO - [segment count: 5386093]
2025-01-12 19:17:49,416 - bfs - INFO - [number of common perspective generated]: 0
2025-01-12 19:17:49,416 - bfs - INFO - [number of all iterations used when generating common perspectives]: 0
2025-01-12 19:17:49,416 - bfs - INFO - [number of max iterations used when generating common perspectives]: 0
2025-01-12 19:17:49,416 - bfs - INFO - [number of average iterations used when generating common perspectives]: 0
2025-01-12 19:17:49,416 - bfs - INFO - [number of averaged unfiltered branching factors]: 5.12824887769808
2025-01-12 19:17:49,416 - bfs - INFO - [number of max unfiltered branching factors]: 24
2025-01-12 19:17:52,864 - instance_runner - INFO - initialization time: 0:00:00.010997
2025-01-12 19:17:52,864 - instance_runner - INFO - search time: 0:07:56.311485
