2023-10-07 13:12:55,748 - instance_runner - INFO - loading problem file: examples/group_grapevine/problem04.pddl
2023-10-07 13:12:55,755 - pddl_parser - INFO - parsing problem: [group_grapevine_04]
2023-10-07 13:12:55,756 - instance_runner - INFO - finish loading problem file: group_grapevine_04
2023-10-07 13:12:55,756 - instance_runner - INFO - loading domain file: examples/group_grapevine/domain.pddl
2023-10-07 13:12:55,757 - pddl_parser - INFO - parsing domain: [group_grapevine]
2023-10-07 13:12:55,757 - instance_runner - INFO - finish loading domain file: group_grapevine
2023-10-07 13:12:55,757 - instance_runner - INFO - Search algorithm exists
2023-10-07 13:12:55,757 - instance_runner - INFO - loading external function: examples/group_grapevine/group_grapevine.py
2023-10-07 13:12:55,757 - instance_runner - INFO - finish loading external function
2023-10-07 13:12:55,757 - instance_runner - INFO - Initialize problem
2023-10-07 13:12:55,757 - instance_runner - INFO - starting search
2023-10-07 13:12:55,758 - forward_search:bfsdc - INFO - starting searching using forward_search:bfsdc
2023-10-07 13:13:04,136 - forward_search:bfsdc - INFO - plan is: ['lying-a', 'move_right-b', 'sharing-a']
2023-10-07 13:13:04,136 - forward_search:bfsdc - INFO - Goal found
2023-10-07 13:13:04,136 - forward_search:bfsdc - INFO - [number of node pruned_by_unknown]: 0
2023-10-07 13:13:04,136 - forward_search:bfsdc - INFO - [number of node pruned_by_visited]: 121
2023-10-07 13:13:04,136 - forward_search:bfsdc - INFO - [number of node pruned]: 121
2023-10-07 13:13:04,136 - forward_search:bfsdc - INFO - [number of node goal_checked]: 913
2023-10-07 13:13:04,136 - forward_search:bfsdc - INFO - [number of node expansion]: 103
2023-10-07 13:13:04,136 - forward_search:bfsdc - INFO - [number of node generated]: 913
2023-10-07 13:13:04,136 - forward_search:bfsdc - INFO - [number of epistemic formulas evaluation: 1138]
2023-10-07 13:13:04,136 - forward_search:bfsdc - INFO - [time in epistemic formulas evaluation: 0:00:07.785532]
2023-10-07 13:13:04,136 - forward_search:bfsdc - INFO - [number of common perspective generated]: 4522
2023-10-07 13:13:04,136 - forward_search:bfsdc - INFO - [number of all iterations used when generating common perspectives]: 14756
2023-10-07 13:13:04,136 - forward_search:bfsdc - INFO - [number of max iterations used when generating common perspectives]: 5
2023-10-07 13:13:04,136 - forward_search:bfsdc - INFO - [number of average iterations used when generating common perspectives]: 3.263157894736842
2023-10-07 13:13:04,137 - instance_runner - INFO - initialization time: 0:00:00.009693
2023-10-07 13:13:04,137 - instance_runner - INFO - search time: 0:00:08.379868
