2023-10-07 13:13:04,142 - instance_runner - INFO - loading problem file: examples/group_grapevine/problem05.pddl
2023-10-07 13:13:04,150 - pddl_parser - INFO - parsing problem: [group_grapevine_05]
2023-10-07 13:13:04,150 - instance_runner - INFO - finish loading problem file: group_grapevine_05
2023-10-07 13:13:04,150 - instance_runner - INFO - loading domain file: examples/group_grapevine/domain.pddl
2023-10-07 13:13:04,151 - pddl_parser - INFO - parsing domain: [group_grapevine]
2023-10-07 13:13:04,151 - instance_runner - INFO - finish loading domain file: group_grapevine
2023-10-07 13:13:04,151 - instance_runner - INFO - Search algorithm exists
2023-10-07 13:13:04,151 - instance_runner - INFO - loading external function: examples/group_grapevine/group_grapevine.py
2023-10-07 13:13:04,151 - instance_runner - INFO - finish loading external function
2023-10-07 13:13:04,151 - instance_runner - INFO - Initialize problem
2023-10-07 13:13:04,151 - instance_runner - INFO - starting search
2023-10-07 13:13:04,152 - forward_search:bfsdc - INFO - starting searching using forward_search:bfsdc
2023-10-07 13:14:02,606 - forward_search:bfsdc - INFO - plan is: ['lying-a', 'move_right-a', 'move_right-d', 'sharing-a']
2023-10-07 13:14:02,606 - forward_search:bfsdc - INFO - Goal found
2023-10-07 13:14:02,606 - forward_search:bfsdc - INFO - [number of node pruned_by_unknown]: 0
2023-10-07 13:14:02,606 - forward_search:bfsdc - INFO - [number of node pruned_by_visited]: 504
2023-10-07 13:14:02,606 - forward_search:bfsdc - INFO - [number of node pruned]: 504
2023-10-07 13:14:02,606 - forward_search:bfsdc - INFO - [number of node goal_checked]: 2959
2023-10-07 13:14:02,606 - forward_search:bfsdc - INFO - [number of node expansion]: 328
2023-10-07 13:14:02,606 - forward_search:bfsdc - INFO - [number of node generated]: 2959
2023-10-07 13:14:02,606 - forward_search:bfsdc - INFO - [number of epistemic formulas evaluation: 3792]
2023-10-07 13:14:02,606 - forward_search:bfsdc - INFO - [time in epistemic formulas evaluation: 0:00:56.340218]
2023-10-07 13:14:02,607 - forward_search:bfsdc - INFO - [number of common perspective generated]: 19322
2023-10-07 13:14:02,607 - forward_search:bfsdc - INFO - [number of all iterations used when generating common perspectives]: 54190
2023-10-07 13:14:02,607 - forward_search:bfsdc - INFO - [number of max iterations used when generating common perspectives]: 5
2023-10-07 13:14:02,607 - forward_search:bfsdc - INFO - [number of average iterations used when generating common perspectives]: 2.8045750957457822
2023-10-07 13:14:02,608 - instance_runner - INFO - initialization time: 0:00:00.009397
2023-10-07 13:14:02,608 - instance_runner - INFO - search time: 0:00:58.456712
