2023-10-07 13:11:59,895 - instance_runner - INFO - loading problem file: examples/group_grapevine/problem01.pddl
2023-10-07 13:11:59,896 - pddl_parser - INFO - parsing problem: [group_grapevine_01]
2023-10-07 13:11:59,898 - instance_runner - INFO - finish loading problem file: group_grapevine_01
2023-10-07 13:11:59,898 - instance_runner - INFO - loading domain file: examples/group_grapevine/domain.pddl
2023-10-07 13:11:59,899 - pddl_parser - INFO - parsing domain: [group_grapevine]
2023-10-07 13:11:59,900 - instance_runner - INFO - finish loading domain file: group_grapevine
2023-10-07 13:11:59,900 - instance_runner - INFO - Search algorithm exists
2023-10-07 13:11:59,900 - instance_runner - INFO - loading external function: examples/group_grapevine/group_grapevine.py
2023-10-07 13:12:00,036 - instance_runner - INFO - finish loading external function
2023-10-07 13:12:00,036 - instance_runner - INFO - Initialize problem
2023-10-07 13:12:00,037 - instance_runner - INFO - starting search
2023-10-07 13:12:00,038 - forward_search:bfsdc - INFO - starting searching using forward_search:bfsdc
2023-10-07 13:12:00,199 - forward_search:bfsdc - INFO - plan is: ['sharing_truth-a-a']
2023-10-07 13:12:00,199 - forward_search:bfsdc - INFO - Goal found
2023-10-07 13:12:00,199 - forward_search:bfsdc - INFO - [number of node pruned_by_unknown]: 0
2023-10-07 13:12:00,199 - forward_search:bfsdc - INFO - [number of node pruned_by_visited]: 0
2023-10-07 13:12:00,199 - forward_search:bfsdc - INFO - [number of node pruned]: 0
2023-10-07 13:12:00,199 - forward_search:bfsdc - INFO - [number of node goal_checked]: 35
2023-10-07 13:12:00,199 - forward_search:bfsdc - INFO - [number of node expansion]: 5
2023-10-07 13:12:00,199 - forward_search:bfsdc - INFO - [number of node generated]: 35
2023-10-07 13:12:00,199 - forward_search:bfsdc - INFO - [number of epistemic formulas evaluation: 41]
2023-10-07 13:12:00,199 - forward_search:bfsdc - INFO - [time in epistemic formulas evaluation: 0:00:00.148152]
2023-10-07 13:12:00,200 - forward_search:bfsdc - INFO - [number of common perspective generated]: 36
2023-10-07 13:12:00,200 - forward_search:bfsdc - INFO - [number of all iterations used when generating common perspectives]: 109
2023-10-07 13:12:00,200 - forward_search:bfsdc - INFO - [number of max iterations used when generating common perspectives]: 4
2023-10-07 13:12:00,200 - forward_search:bfsdc - INFO - [number of average iterations used when generating common perspectives]: 3.0277777777777777
2023-10-07 13:12:00,200 - instance_runner - INFO - initialization time: 0:00:00.142005
2023-10-07 13:12:00,200 - instance_runner - INFO - search time: 0:00:00.163097
