2023-10-07 13:12:00,200 - instance_runner - INFO - loading problem file: examples/group_grapevine/problem02.pddl
2023-10-07 13:12:00,201 - pddl_parser - INFO - parsing problem: [group_grapevine_02]
2023-10-07 13:12:00,201 - instance_runner - INFO - finish loading problem file: group_grapevine_02
2023-10-07 13:12:00,201 - instance_runner - INFO - loading domain file: examples/group_grapevine/domain.pddl
2023-10-07 13:12:00,202 - pddl_parser - INFO - parsing domain: [group_grapevine]
2023-10-07 13:12:00,202 - instance_runner - INFO - finish loading domain file: group_grapevine
2023-10-07 13:12:00,202 - instance_runner - INFO - Search algorithm exists
2023-10-07 13:12:00,202 - instance_runner - INFO - loading external function: examples/group_grapevine/group_grapevine.py
2023-10-07 13:12:00,202 - instance_runner - INFO - finish loading external function
2023-10-07 13:12:00,202 - instance_runner - INFO - Initialize problem
2023-10-07 13:12:00,202 - instance_runner - INFO - starting search
2023-10-07 13:12:00,202 - forward_search:bfsdc - INFO - starting searching using forward_search:bfsdc
2023-10-07 13:12:05,767 - forward_search:bfsdc - INFO - plan is: ['move_right-b', 'sharing_truth-a-a', 'move_right-a', 'sharing_truth-a-a']
2023-10-07 13:12:05,767 - forward_search:bfsdc - INFO - Goal found
2023-10-07 13:12:05,767 - forward_search:bfsdc - INFO - [number of node pruned_by_unknown]: 82
2023-10-07 13:12:05,767 - forward_search:bfsdc - INFO - [number of node pruned_by_visited]: 92
2023-10-07 13:12:05,767 - forward_search:bfsdc - INFO - [number of node pruned]: 174
2023-10-07 13:12:05,767 - forward_search:bfsdc - INFO - [number of node goal_checked]: 532
2023-10-07 13:12:05,767 - forward_search:bfsdc - INFO - [number of node expansion]: 66
2023-10-07 13:12:05,767 - forward_search:bfsdc - INFO - [number of node generated]: 450
2023-10-07 13:12:05,767 - forward_search:bfsdc - INFO - [number of epistemic formulas evaluation: 691]
2023-10-07 13:12:05,767 - forward_search:bfsdc - INFO - [time in epistemic formulas evaluation: 0:00:05.195079]
2023-10-07 13:12:05,767 - forward_search:bfsdc - INFO - [number of common perspective generated]: 569
2023-10-07 13:12:05,767 - forward_search:bfsdc - INFO - [number of all iterations used when generating common perspectives]: 1812
2023-10-07 13:12:05,767 - forward_search:bfsdc - INFO - [number of max iterations used when generating common perspectives]: 4
2023-10-07 13:12:05,767 - forward_search:bfsdc - INFO - [number of average iterations used when generating common perspectives]: 3.1845342706502637
2023-10-07 13:12:05,768 - instance_runner - INFO - initialization time: 0:00:00.001857
2023-10-07 13:12:05,768 - instance_runner - INFO - search time: 0:00:05.565567
