2023-10-07 13:12:05,771 - instance_runner - INFO - loading problem file: examples/group_grapevine/problem03.pddl
2023-10-07 13:12:05,771 - pddl_parser - INFO - parsing problem: [group_grapevine_03]
2023-10-07 13:12:05,772 - instance_runner - INFO - finish loading problem file: group_grapevine_03
2023-10-07 13:12:05,772 - instance_runner - INFO - loading domain file: examples/group_grapevine/domain.pddl
2023-10-07 13:12:05,772 - pddl_parser - INFO - parsing domain: [group_grapevine]
2023-10-07 13:12:05,772 - instance_runner - INFO - finish loading domain file: group_grapevine
2023-10-07 13:12:05,772 - instance_runner - INFO - Search algorithm exists
2023-10-07 13:12:05,772 - instance_runner - INFO - loading external function: examples/group_grapevine/group_grapevine.py
2023-10-07 13:12:05,772 - instance_runner - INFO - finish loading external function
2023-10-07 13:12:05,772 - instance_runner - INFO - Initialize problem
2023-10-07 13:12:05,773 - instance_runner - INFO - starting search
2023-10-07 13:12:05,773 - forward_search:bfsdc - INFO - starting searching using forward_search:bfsdc
2023-10-07 13:12:55,731 - forward_search:bfsdc - INFO - plan is: ['move_right-b', 'sharing_truth-a-a', 'move_right-a', 'sharing_truth-a-a', 'move_left-b', 'sharing_truth-b-a']
2023-10-07 13:12:55,731 - forward_search:bfsdc - INFO - Goal found
2023-10-07 13:12:55,731 - forward_search:bfsdc - INFO - [number of node pruned_by_unknown]: 296
2023-10-07 13:12:55,731 - forward_search:bfsdc - INFO - [number of node pruned_by_visited]: 917
2023-10-07 13:12:55,731 - forward_search:bfsdc - INFO - [number of node pruned]: 1213
2023-10-07 13:12:55,731 - forward_search:bfsdc - INFO - [number of node goal_checked]: 2124
2023-10-07 13:12:55,731 - forward_search:bfsdc - INFO - [number of node expansion]: 240
2023-10-07 13:12:55,731 - forward_search:bfsdc - INFO - [number of node generated]: 1828
2023-10-07 13:12:55,731 - forward_search:bfsdc - INFO - [number of epistemic formulas evaluation: 3282]
2023-10-07 13:12:55,731 - forward_search:bfsdc - INFO - [time in epistemic formulas evaluation: 0:00:46.973280]
2023-10-07 13:12:55,731 - forward_search:bfsdc - INFO - [number of common perspective generated]: 2694
2023-10-07 13:12:55,731 - forward_search:bfsdc - INFO - [number of all iterations used when generating common perspectives]: 9240
2023-10-07 13:12:55,731 - forward_search:bfsdc - INFO - [number of max iterations used when generating common perspectives]: 5
2023-10-07 13:12:55,731 - forward_search:bfsdc - INFO - [number of average iterations used when generating common perspectives]: 3.4298440979955456
2023-10-07 13:12:55,732 - instance_runner - INFO - initialization time: 0:00:00.001953
2023-10-07 13:12:55,732 - instance_runner - INFO - search time: 0:00:49.959726
