2023-10-07 13:14:02,624 - instance_runner - INFO - loading problem file: examples/group_grapevine/problem06.pddl
2023-10-07 13:14:02,632 - pddl_parser - INFO - parsing problem: [group_grapevine_06]
2023-10-07 13:14:02,632 - instance_runner - INFO - finish loading problem file: group_grapevine_06
2023-10-07 13:14:02,632 - instance_runner - INFO - loading domain file: examples/group_grapevine/domain.pddl
2023-10-07 13:14:02,634 - pddl_parser - INFO - parsing domain: [group_grapevine]
2023-10-07 13:14:02,635 - instance_runner - INFO - finish loading domain file: group_grapevine
2023-10-07 13:14:02,635 - instance_runner - INFO - Search algorithm exists
2023-10-07 13:14:02,635 - instance_runner - INFO - loading external function: examples/group_grapevine/group_grapevine.py
2023-10-07 13:14:02,635 - instance_runner - INFO - finish loading external function
2023-10-07 13:14:02,635 - instance_runner - INFO - Initialize problem
2023-10-07 13:14:02,636 - instance_runner - INFO - starting search
2023-10-07 13:14:02,636 - forward_search:bfsdc - INFO - starting searching using forward_search:bfsdc
2023-10-07 13:14:09,539 - forward_search:bfsdc - INFO - plan is: ['move_right-b', 'sharing_truth-a-a', 'move_right-a', 'sharing_truth-a-a']
2023-10-07 13:14:09,539 - forward_search:bfsdc - INFO - Goal found
2023-10-07 13:14:09,539 - forward_search:bfsdc - INFO - [number of node pruned_by_unknown]: 82
2023-10-07 13:14:09,539 - forward_search:bfsdc - INFO - [number of node pruned_by_visited]: 92
2023-10-07 13:14:09,539 - forward_search:bfsdc - INFO - [number of node pruned]: 174
2023-10-07 13:14:09,539 - forward_search:bfsdc - INFO - [number of node goal_checked]: 532
2023-10-07 13:14:09,539 - forward_search:bfsdc - INFO - [number of node expansion]: 66
2023-10-07 13:14:09,539 - forward_search:bfsdc - INFO - [number of node generated]: 450
2023-10-07 13:14:09,539 - forward_search:bfsdc - INFO - [number of epistemic formulas evaluation: 691]
2023-10-07 13:14:09,539 - forward_search:bfsdc - INFO - [time in epistemic formulas evaluation: 0:00:06.501077]
2023-10-07 13:14:09,540 - forward_search:bfsdc - INFO - [number of common perspective generated]: 19855
2023-10-07 13:14:09,540 - forward_search:bfsdc - INFO - [number of all iterations used when generating common perspectives]: 55893
2023-10-07 13:14:09,540 - forward_search:bfsdc - INFO - [number of max iterations used when generating common perspectives]: 5
2023-10-07 13:14:09,540 - forward_search:bfsdc - INFO - [number of average iterations used when generating common perspectives]: 2.8150591790480988
2023-10-07 13:14:09,540 - instance_runner - INFO - initialization time: 0:00:00.012304
2023-10-07 13:14:09,540 - instance_runner - INFO - search time: 0:00:06.904472
