2024-01-18 10:07:20,580 - instance_runner - INFO - loading problem file: examples/group_number/problem05.pddl
2024-01-18 10:07:20,581 - pddl_parser - INFO - parsing problem: [group_num_05]
2024-01-18 10:07:20,581 - instance_runner - INFO - finish loading problem file: group_num_05
2024-01-18 10:07:20,581 - instance_runner - INFO - loading domain file: examples/group_number/domain.pddl
2024-01-18 10:07:20,581 - pddl_parser - INFO - parsing domain: [group_number]
2024-01-18 10:07:20,582 - instance_runner - INFO - finish loading domain file: group_number
2024-01-18 10:07:20,582 - instance_runner - INFO - Search algorithm exists
2024-01-18 10:07:20,582 - instance_runner - INFO - loading external function: examples/group_number/group_number.py
2024-01-18 10:07:20,582 - instance_runner - INFO - finish loading external function
2024-01-18 10:07:20,582 - instance_runner - INFO - Initialize problem
2024-01-18 10:07:20,582 - instance_runner - INFO - starting search
2024-01-18 10:07:20,582 - forward_search:bfsdc - INFO - starting searching using forward_search:bfsdc
2024-01-18 10:07:22,784 - forward_search:bfsdc - INFO - plan is: ['single_peek-a', 'return-a', 'single_peek-b', 'subtraction1-c', 'return-b', 'single_peek-a', 'return-a', 'single_peek-b']
2024-01-18 10:07:22,784 - forward_search:bfsdc - INFO - Goal found
2024-01-18 10:07:22,784 - forward_search:bfsdc - INFO - [number of node pruned_by_unknown]: 0
2024-01-18 10:07:22,784 - forward_search:bfsdc - INFO - [number of node pruned_by_visited]: 420
2024-01-18 10:07:22,784 - forward_search:bfsdc - INFO - [number of node pruned]: 420
2024-01-18 10:07:22,784 - forward_search:bfsdc - INFO - [number of node goal_checked]: 1273
2024-01-18 10:07:22,784 - forward_search:bfsdc - INFO - [number of node expansion]: 347
2024-01-18 10:07:22,784 - forward_search:bfsdc - INFO - [number of node generated]: 1273
2024-01-18 10:07:22,784 - forward_search:bfsdc - INFO - [number of epistemic formulas evaluation: 2041]
2024-01-18 10:07:22,784 - forward_search:bfsdc - INFO - [time in epistemic formulas evaluation: 0:00:01.846577]
2024-01-18 10:07:22,784 - forward_search:bfsdc - INFO - [number of common perspective generated]: 1274
2024-01-18 10:07:22,784 - forward_search:bfsdc - INFO - [number of all iterations used when generating common perspectives]: 3460
2024-01-18 10:07:22,784 - forward_search:bfsdc - INFO - [number of max iterations used when generating common perspectives]: 5
2024-01-18 10:07:22,784 - forward_search:bfsdc - INFO - [number of average iterations used when generating common perspectives]: 2.71585557299843
2024-01-18 10:07:22,785 - instance_runner - INFO - initialization time: 0:00:00.002068
2024-01-18 10:07:22,785 - instance_runner - INFO - search time: 0:00:02.202639
